                _._                                                  
           _.-``__ ''-._                                             
      _.-``    `.  `_.  ''-._           Redis 2.8.3 (00000000/0) 64 bit
  .-`` .-```.  ```\/    _.,_ ''-._                                   
 (    '      ,       .-`  | `,    )     Running in stand alone mode
 |`-._`-...-` __...-.``-._|'` _.-'|     Port: 11071
 |    `-._   `._    /     _.-'    |     PID: 36636
  `-._    `-._  `-./  _.-'    _.-'                                   
 |`-._`-._    `-.__.-'    _.-'_.-'|                                  
 |    `-._`-._        _.-'_.-'    |           http://redis.io        
  `-._    `-._`-.__.-'_.-'    _.-'                                   
 |`-._`-._    `-.__.-'    _.-'_.-'|                                  
 |    `-._`-._        _.-'_.-'    |                                  
  `-._    `-._`-.__.-'_.-'    _.-'                                   
      `-._    `-.__.-'    _.-'                                       
          `-._        _.-'                                           
              `-.__.-'                                               

[36636] 17 Dec 09:35:27.683 # Server started, Redis version 2.8.3
[36636] 17 Dec 09:35:27.689 * The server is now ready to accept connections on port 11071
[36636] 17 Dec 09:35:27.690 - Accepted 127.0.0.1:59638
[36636] 17 Dec 09:35:27.690 - 1 clients connected (0 slaves), 968608 bytes in use
[36636] 17 Dec 09:35:27.691 - Client closed connection
[36636] 17 Dec 09:35:27.692 - Accepted 127.0.0.1:59639
[36636] 17 Dec 09:35:27.693 - Client closed connection
[36636 | signal handler] (1387269327) Received SIGTERM, scheduling shutdown...
[36636] 17 Dec 09:35:27.791 # User requested shutdown...
[36636] 17 Dec 09:35:27.791 # Redis is now ready to exit, bye bye...
