                _._                                                  
           _.-``__ ''-._                                             
      _.-``    `.  `_.  ''-._           Redis 2.8.3 (00000000/0) 64 bit
  .-`` .-```.  ```\/    _.,_ ''-._                                   
 (    '      ,       .-`  | `,    )     Running in stand alone mode
 |`-._`-...-` __...-.``-._|'` _.-'|     Port: 11135
 |    `-._   `._    /     _.-'    |     PID: 36573
  `-._    `-._  `-./  _.-'    _.-'                                   
 |`-._`-._    `-.__.-'    _.-'_.-'|                                  
 |    `-._`-._        _.-'_.-'    |           http://redis.io        
  `-._    `-._`-.__.-'_.-'    _.-'                                   
 |`-._`-._    `-.__.-'    _.-'_.-'|                                  
 |    `-._`-._        _.-'_.-'    |                                  
  `-._    `-._`-.__.-'_.-'    _.-'                                   
      `-._    `-.__.-'    _.-'                                       
          `-._        _.-'                                           
              `-.__.-'                                               

[36573] 17 Dec 09:33:32.368 # Server started, Redis version 2.8.3
[36573] 17 Dec 09:33:32.368 * The server is now ready to accept connections on port 11135
[36573] 17 Dec 09:33:32.369 - Accepted 127.0.0.1:58567
[36573] 17 Dec 09:33:32.369 - 1 clients connected (0 slaves), 968608 bytes in use
[36573] 17 Dec 09:33:32.370 - Client closed connection
[36573] 17 Dec 09:33:32.371 - Accepted 127.0.0.1:58568
[36573] 17 Dec 09:33:32.371 - Accepted 127.0.0.1:58569
